[2016-03-22 11:42:54] production.ERROR: exception 'PDOException' with message 'SQLSTATE[HY000] [1044] Access denied for user ''@'localhost' to database 'forge'' in C:\wamp\www\laravel\vendor\laravel\framework\src\Illuminate\Database\Connectors\Connector.php:47
Stack trace:
#0 C:\wamp\www\laravel\vendor\laravel\framework\src\Illuminate\Database\Connectors\Connector.php(47): PDO->__construct('mysql:host=loca...', 'forge', '', Array)
#1 C:\wamp\www\laravel\vendor\laravel\framework\src\Illuminate\Database\Connectors\MySqlConnector.php(20): Illuminate\Database\Connectors\Connector->createConnection('mysql:host=loca...', Array, Array)
#2 C:\wamp\www\laravel\bootstrap\compiled.php(7713): Illuminate\Database\Connectors\MySqlConnector->connect(Array)
#3 C:\wamp\www\laravel\bootstrap\compiled.php(7709): Illuminate\Database\Connectors\ConnectionFactory->createSingleConnection(Array)
#4 C:\wamp\www\laravel\bootstrap\compiled.php(7621): Illuminate\Database\Connectors\ConnectionFactory->make(Array, 'mysql')
#5 C:\wamp\www\laravel\bootstrap\compiled.php(7576): Illuminate\Database\DatabaseManager->makeConnection('mysql')
#6 C:\wamp\www\laravel\bootstrap\compiled.php(7677): Illuminate\Database\DatabaseManager->connection()
#7 C:\wamp\www\laravel\bootstrap\compiled.php(3267): Illuminate\Database\DatabaseManager->__call('select', Array)
#8 C:\wamp\www\laravel\bootstrap\compiled.php(3267): Illuminate\Database\DatabaseManager->select('select * from u...')
#9 C:\wamp\www\laravel\app\controllers\HomeController.php(22): Illuminate\Support\Facades\Facade::__callStatic('select', Array)
#10 C:\wamp\www\laravel\app\controllers\HomeController.php(22): Illuminate\Support\Facades\DB::select('select * from u...')
#11 [internal function]: HomeController->showWelcome()
#12 C:\wamp\www\laravel\vendor\laravel\framework\src\Illuminate\Routing\Controller.php(231): call_user_func_array(Array, Array)
#13 C:\wamp\www\laravel\bootstrap\compiled.php(5847): Illuminate\Routing\Controller->callAction('showWelcome', Array)
#14 C:\wamp\www\laravel\bootstrap\compiled.php(5835): Illuminate\Routing\ControllerDispatcher->call(Object(HomeController), Object(Illuminate\Routing\Route), 'showWelcome')
#15 C:\wamp\www\laravel\bootstrap\compiled.php(5040): Illuminate\Routing\ControllerDispatcher->dispatch(Object(Illuminate\Routing\Route), Object(Illuminate\Http\Request), 'HomeController', 'showWelcome')
#16 [internal function]: Illuminate\Routing\Router->Illuminate\Routing\{closure}()
#17 C:\wamp\www\laravel\bootstrap\compiled.php(5398): call_user_func_array(Object(Closure), Array)
#18 C:\wamp\www\laravel\bootstrap\compiled.php(5065): Illuminate\Routing\Route->run(Object(Illuminate\Http\Request))
#19 C:\wamp\www\laravel\bootstrap\compiled.php(5053): Illuminate\Routing\Router->dispatchToRoute(Object(Illuminate\Http\Request))
#20 C:\wamp\www\laravel\bootstrap\compiled.php(715): Illuminate\Routing\Router->dispatch(Object(Illuminate\Http\Request))
#21 C:\wamp\www\laravel\bootstrap\compiled.php(696): Illuminate\Foundation\Application->dispatch(Object(Illuminate\Http\Request))
#22 C:\wamp\www\laravel\bootstrap\compiled.php(7825): Illuminate\Foundation\Application->handle(Object(Illuminate\Http\Request), 1, true)
#23 C:\wamp\www\laravel\bootstrap\compiled.php(8432): Illuminate\Session\Middleware->handle(Object(Illuminate\Http\Request), 1, true)
#24 C:\wamp\www\laravel\bootstrap\compiled.php(8379): Illuminate\Cookie\Queue->handle(Object(Illuminate\Http\Request), 1, true)
#25 C:\wamp\www\laravel\bootstrap\compiled.php(11119): Illuminate\Cookie\Guard->handle(Object(Illuminate\Http\Request), 1, true)
#26 C:\wamp\www\laravel\bootstrap\compiled.php(657): Stack\StackedHttpKernel->handle(Object(Illuminate\Http\Request))
#27 C:\wamp\www\laravel\public\index.php(49): Illuminate\Foundation\Application->run()
#28 {main} [] []
[2016-03-22 11:43:01] production.ERROR: exception 'Symfony\Component\HttpKernel\Exception\NotFoundHttpException' in C:\wamp\www\laravel\bootstrap\compiled.php:5751
Stack trace:
#0 C:\wamp\www\laravel\bootstrap\compiled.php(5073): Illuminate\Routing\RouteCollection->match(Object(Illuminate\Http\Request))
#1 C:\wamp\www\laravel\bootstrap\compiled.php(5061): Illuminate\Routing\Router->findRoute(Object(Illuminate\Http\Request))
#2 C:\wamp\www\laravel\bootstrap\compiled.php(5053): Illuminate\Routing\Router->dispatchToRoute(Object(Illuminate\Http\Request))
#3 C:\wamp\www\laravel\bootstrap\compiled.php(715): Illuminate\Routing\Router->dispatch(Object(Illuminate\Http\Request))
#4 C:\wamp\www\laravel\bootstrap\compiled.php(696): Illuminate\Foundation\Application->dispatch(Object(Illuminate\Http\Request))
#5 C:\wamp\www\laravel\bootstrap\compiled.php(7825): Illuminate\Foundation\Application->handle(Object(Illuminate\Http\Request), 1, true)
#6 C:\wamp\www\laravel\bootstrap\compiled.php(8432): Illuminate\Session\Middleware->handle(Object(Illuminate\Http\Request), 1, true)
#7 C:\wamp\www\laravel\bootstrap\compiled.php(8379): Illuminate\Cookie\Queue->handle(Object(Illuminate\Http\Request), 1, true)
#8 C:\wamp\www\laravel\bootstrap\compiled.php(11119): Illuminate\Cookie\Guard->handle(Object(Illuminate\Http\Request), 1, true)
#9 C:\wamp\www\laravel\bootstrap\compiled.php(657): Stack\StackedHttpKernel->handle(Object(Illuminate\Http\Request))
#10 C:\wamp\www\laravel\public\index.php(49): Illuminate\Foundation\Application->run()
#11 {main} [] []
[2016-03-22 11:43:07] production.ERROR: exception 'PDOException' with message 'SQLSTATE[HY000] [1044] Access denied for user ''@'localhost' to database 'forge'' in C:\wamp\www\laravel\vendor\laravel\framework\src\Illuminate\Database\Connectors\Connector.php:47
Stack trace:
#0 C:\wamp\www\laravel\vendor\laravel\framework\src\Illuminate\Database\Connectors\Connector.php(47): PDO->__construct('mysql:host=loca...', 'forge', '', Array)
#1 C:\wamp\www\laravel\vendor\laravel\framework\src\Illuminate\Database\Connectors\MySqlConnector.php(20): Illuminate\Database\Connectors\Connector->createConnection('mysql:host=loca...', Array, Array)
#2 C:\wamp\www\laravel\bootstrap\compiled.php(7713): Illuminate\Database\Connectors\MySqlConnector->connect(Array)
#3 C:\wamp\www\laravel\bootstrap\compiled.php(7709): Illuminate\Database\Connectors\ConnectionFactory->createSingleConnection(Array)
#4 C:\wamp\www\laravel\bootstrap\compiled.php(7621): Illuminate\Database\Connectors\ConnectionFactory->make(Array, 'mysql')
#5 C:\wamp\www\laravel\bootstrap\compiled.php(7576): Illuminate\Database\DatabaseManager->makeConnection('mysql')
#6 C:\wamp\www\laravel\bootstrap\compiled.php(7677): Illuminate\Database\DatabaseManager->connection()
#7 C:\wamp\www\laravel\bootstrap\compiled.php(3267): Illuminate\Database\DatabaseManager->__call('select', Array)
#8 C:\wamp\www\laravel\bootstrap\compiled.php(3267): Illuminate\Database\DatabaseManager->select('select * from u...')
#9 C:\wamp\www\laravel\app\controllers\HomeController.php(22): Illuminate\Support\Facades\Facade::__callStatic('select', Array)
#10 C:\wamp\www\laravel\app\controllers\HomeController.php(22): Illuminate\Support\Facades\DB::select('select * from u...')
#11 [internal function]: HomeController->showWelcome()
#12 C:\wamp\www\laravel\vendor\laravel\framework\src\Illuminate\Routing\Controller.php(231): call_user_func_array(Array, Array)
#13 C:\wamp\www\laravel\bootstrap\compiled.php(5847): Illuminate\Routing\Controller->callAction('showWelcome', Array)
#14 C:\wamp\www\laravel\bootstrap\compiled.php(5835): Illuminate\Routing\ControllerDispatcher->call(Object(HomeController), Object(Illuminate\Routing\Route), 'showWelcome')
#15 C:\wamp\www\laravel\bootstrap\compiled.php(5040): Illuminate\Routing\ControllerDispatcher->dispatch(Object(Illuminate\Routing\Route), Object(Illuminate\Http\Request), 'HomeController', 'showWelcome')
#16 [internal function]: Illuminate\Routing\Router->Illuminate\Routing\{closure}()
#17 C:\wamp\www\laravel\bootstrap\compiled.php(5398): call_user_func_array(Object(Closure), Array)
#18 C:\wamp\www\laravel\bootstrap\compiled.php(5065): Illuminate\Routing\Route->run(Object(Illuminate\Http\Request))
#19 C:\wamp\www\laravel\bootstrap\compiled.php(5053): Illuminate\Routing\Router->dispatchToRoute(Object(Illuminate\Http\Request))
#20 C:\wamp\www\laravel\bootstrap\compiled.php(715): Illuminate\Routing\Router->dispatch(Object(Illuminate\Http\Request))
#21 C:\wamp\www\laravel\bootstrap\compiled.php(696): Illuminate\Foundation\Application->dispatch(Object(Illuminate\Http\Request))
#22 C:\wamp\www\laravel\bootstrap\compiled.php(7825): Illuminate\Foundation\Application->handle(Object(Illuminate\Http\Request), 1, true)
#23 C:\wamp\www\laravel\bootstrap\compiled.php(8432): Illuminate\Session\Middleware->handle(Object(Illuminate\Http\Request), 1, true)
#24 C:\wamp\www\laravel\bootstrap\compiled.php(8379): Illuminate\Cookie\Queue->handle(Object(Illuminate\Http\Request), 1, true)
#25 C:\wamp\www\laravel\bootstrap\compiled.php(11119): Illuminate\Cookie\Guard->handle(Object(Illuminate\Http\Request), 1, true)
#26 C:\wamp\www\laravel\bootstrap\compiled.php(657): Stack\StackedHttpKernel->handle(Object(Illuminate\Http\Request))
#27 C:\wamp\www\laravel\public\index.php(49): Illuminate\Foundation\Application->run()
#28 {main} [] []
[2016-03-22 11:43:38] production.ERROR: exception 'PDOException' with message 'SQLSTATE[HY000] [1044] Access denied for user ''@'localhost' to database 'forge'' in C:\wamp\www\laravel\vendor\laravel\framework\src\Illuminate\Database\Connectors\Connector.php:47
Stack trace:
#0 C:\wamp\www\laravel\vendor\laravel\framework\src\Illuminate\Database\Connectors\Connector.php(47): PDO->__construct('mysql:host=loca...', 'forge', '', Array)
#1 C:\wamp\www\laravel\vendor\laravel\framework\src\Illuminate\Database\Connectors\MySqlConnector.php(20): Illuminate\Database\Connectors\Connector->createConnection('mysql:host=loca...', Array, Array)
#2 C:\wamp\www\laravel\bootstrap\compiled.php(7713): Illuminate\Database\Connectors\MySqlConnector->connect(Array)
#3 C:\wamp\www\laravel\bootstrap\compiled.php(7709): Illuminate\Database\Connectors\ConnectionFactory->createSingleConnection(Array)
#4 C:\wamp\www\laravel\bootstrap\compiled.php(7621): Illuminate\Database\Connectors\ConnectionFactory->make(Array, 'mysql')
#5 C:\wamp\www\laravel\bootstrap\compiled.php(7576): Illuminate\Database\DatabaseManager->makeConnection('mysql')
#6 C:\wamp\www\laravel\bootstrap\compiled.php(7677): Illuminate\Database\DatabaseManager->connection()
#7 C:\wamp\www\laravel\bootstrap\compiled.php(3267): Illuminate\Database\DatabaseManager->__call('select', Array)
#8 C:\wamp\www\laravel\bootstrap\compiled.php(3267): Illuminate\Database\DatabaseManager->select('select * from u...')
#9 C:\wamp\www\laravel\app\controllers\HomeController.php(22): Illuminate\Support\Facades\Facade::__callStatic('select', Array)
#10 C:\wamp\www\laravel\app\controllers\HomeController.php(22): Illuminate\Support\Facades\DB::select('select * from u...')
#11 [internal function]: HomeController->showWelcome()
#12 C:\wamp\www\laravel\vendor\laravel\framework\src\Illuminate\Routing\Controller.php(231): call_user_func_array(Array, Array)
#13 C:\wamp\www\laravel\bootstrap\compiled.php(5847): Illuminate\Routing\Controller->callAction('showWelcome', Array)
#14 C:\wamp\www\laravel\bootstrap\compiled.php(5835): Illuminate\Routing\ControllerDispatcher->call(Object(HomeController), Object(Illuminate\Routing\Route), 'showWelcome')
#15 C:\wamp\www\laravel\bootstrap\compiled.php(5040): Illuminate\Routing\ControllerDispatcher->dispatch(Object(Illuminate\Routing\Route), Object(Illuminate\Http\Request), 'HomeController', 'showWelcome')
#16 [internal function]: Illuminate\Routing\Router->Illuminate\Routing\{closure}()
#17 C:\wamp\www\laravel\bootstrap\compiled.php(5398): call_user_func_array(Object(Closure), Array)
#18 C:\wamp\www\laravel\bootstrap\compiled.php(5065): Illuminate\Routing\Route->run(Object(Illuminate\Http\Request))
#19 C:\wamp\www\laravel\bootstrap\compiled.php(5053): Illuminate\Routing\Router->dispatchToRoute(Object(Illuminate\Http\Request))
#20 C:\wamp\www\laravel\bootstrap\compiled.php(715): Illuminate\Routing\Router->dispatch(Object(Illuminate\Http\Request))
#21 C:\wamp\www\laravel\bootstrap\compiled.php(696): Illuminate\Foundation\Application->dispatch(Object(Illuminate\Http\Request))
#22 C:\wamp\www\laravel\bootstrap\compiled.php(7825): Illuminate\Foundation\Application->handle(Object(Illuminate\Http\Request), 1, true)
#23 C:\wamp\www\laravel\bootstrap\compiled.php(8432): Illuminate\Session\Middleware->handle(Object(Illuminate\Http\Request), 1, true)
#24 C:\wamp\www\laravel\bootstrap\compiled.php(8379): Illuminate\Cookie\Queue->handle(Object(Illuminate\Http\Request), 1, true)
#25 C:\wamp\www\laravel\bootstrap\compiled.php(11119): Illuminate\Cookie\Guard->handle(Object(Illuminate\Http\Request), 1, true)
#26 C:\wamp\www\laravel\bootstrap\compiled.php(657): Stack\StackedHttpKernel->handle(Object(Illuminate\Http\Request))
#27 C:\wamp\www\laravel\public\index.php(49): Illuminate\Foundation\Application->run()
#28 {main} [] []
[2016-03-22 11:44:55] production.ERROR: exception 'PDOException' with message 'SQLSTATE[HY000] [1044] Access denied for user ''@'localhost' to database 'forge'' in C:\wamp\www\laravel\vendor\laravel\framework\src\Illuminate\Database\Connectors\Connector.php:47
Stack trace:
#0 C:\wamp\www\laravel\vendor\laravel\framework\src\Illuminate\Database\Connectors\Connector.php(47): PDO->__construct('mysql:host=loca...', 'forge', '', Array)
#1 C:\wamp\www\laravel\vendor\laravel\framework\src\Illuminate\Database\Connectors\MySqlConnector.php(20): Illuminate\Database\Connectors\Connector->createConnection('mysql:host=loca...', Array, Array)
#2 C:\wamp\www\laravel\bootstrap\compiled.php(7713): Illuminate\Database\Connectors\MySqlConnector->connect(Array)
#3 C:\wamp\www\laravel\bootstrap\compiled.php(7709): Illuminate\Database\Connectors\ConnectionFactory->createSingleConnection(Array)
#4 C:\wamp\www\laravel\bootstrap\compiled.php(7621): Illuminate\Database\Connectors\ConnectionFactory->make(Array, 'mysql')
#5 C:\wamp\www\laravel\bootstrap\compiled.php(7576): Illuminate\Database\DatabaseManager->makeConnection('mysql')
#6 C:\wamp\www\laravel\bootstrap\compiled.php(7677): Illuminate\Database\DatabaseManager->connection()
#7 C:\wamp\www\laravel\bootstrap\compiled.php(3267): Illuminate\Database\DatabaseManager->__call('select', Array)
#8 C:\wamp\www\laravel\bootstrap\compiled.php(3267): Illuminate\Database\DatabaseManager->select('select * from u...')
#9 C:\wamp\www\laravel\app\controllers\HomeController.php(22): Illuminate\Support\Facades\Facade::__callStatic('select', Array)
#10 C:\wamp\www\laravel\app\controllers\HomeController.php(22): Illuminate\Support\Facades\DB::select('select * from u...')
#11 [internal function]: HomeController->showWelcome()
#12 C:\wamp\www\laravel\vendor\laravel\framework\src\Illuminate\Routing\Controller.php(231): call_user_func_array(Array, Array)
#13 C:\wamp\www\laravel\bootstrap\compiled.php(5847): Illuminate\Routing\Controller->callAction('showWelcome', Array)
#14 C:\wamp\www\laravel\bootstrap\compiled.php(5835): Illuminate\Routing\ControllerDispatcher->call(Object(HomeController), Object(Illuminate\Routing\Route), 'showWelcome')
#15 C:\wamp\www\laravel\bootstrap\compiled.php(5040): Illuminate\Routing\ControllerDispatcher->dispatch(Object(Illuminate\Routing\Route), Object(Illuminate\Http\Request), 'HomeController', 'showWelcome')
#16 [internal function]: Illuminate\Routing\Router->Illuminate\Routing\{closure}()
#17 C:\wamp\www\laravel\bootstrap\compiled.php(5398): call_user_func_array(Object(Closure), Array)
#18 C:\wamp\www\laravel\bootstrap\compiled.php(5065): Illuminate\Routing\Route->run(Object(Illuminate\Http\Request))
#19 C:\wamp\www\laravel\bootstrap\compiled.php(5053): Illuminate\Routing\Router->dispatchToRoute(Object(Illuminate\Http\Request))
#20 C:\wamp\www\laravel\bootstrap\compiled.php(715): Illuminate\Routing\Router->dispatch(Object(Illuminate\Http\Request))
#21 C:\wamp\www\laravel\bootstrap\compiled.php(696): Illuminate\Foundation\Application->dispatch(Object(Illuminate\Http\Request))
#22 C:\wamp\www\laravel\bootstrap\compiled.php(7825): Illuminate\Foundation\Application->handle(Object(Illuminate\Http\Request), 1, true)
#23 C:\wamp\www\laravel\bootstrap\compiled.php(8432): Illuminate\Session\Middleware->handle(Object(Illuminate\Http\Request), 1, true)
#24 C:\wamp\www\laravel\bootstrap\compiled.php(8379): Illuminate\Cookie\Queue->handle(Object(Illuminate\Http\Request), 1, true)
#25 C:\wamp\www\laravel\bootstrap\compiled.php(11119): Illuminate\Cookie\Guard->handle(Object(Illuminate\Http\Request), 1, true)
#26 C:\wamp\www\laravel\bootstrap\compiled.php(657): Stack\StackedHttpKernel->handle(Object(Illuminate\Http\Request))
#27 C:\wamp\www\laravel\public\index.php(49): Illuminate\Foundation\Application->run()
#28 {main} [] []
[2016-03-22 11:45:51] production.ERROR: exception 'PDOException' with message 'SQLSTATE[HY000] [1044] Access denied for user ''@'localhost' to database 'forge'' in C:\wamp\www\laravel\vendor\laravel\framework\src\Illuminate\Database\Connectors\Connector.php:47
Stack trace:
#0 C:\wamp\www\laravel\vendor\laravel\framework\src\Illuminate\Database\Connectors\Connector.php(47): PDO->__construct('mysql:host=loca...', 'forge', '', Array)
#1 C:\wamp\www\laravel\vendor\laravel\framework\src\Illuminate\Database\Connectors\MySqlConnector.php(20): Illuminate\Database\Connectors\Connector->createConnection('mysql:host=loca...', Array, Array)
#2 C:\wamp\www\laravel\bootstrap\compiled.php(7713): Illuminate\Database\Connectors\MySqlConnector->connect(Array)
#3 C:\wamp\www\laravel\bootstrap\compiled.php(7709): Illuminate\Database\Connectors\ConnectionFactory->createSingleConnection(Array)
#4 C:\wamp\www\laravel\bootstrap\compiled.php(7621): Illuminate\Database\Connectors\ConnectionFactory->make(Array, 'mysql')
#5 C:\wamp\www\laravel\bootstrap\compiled.php(7576): Illuminate\Database\DatabaseManager->makeConnection('mysql')
#6 C:\wamp\www\laravel\bootstrap\compiled.php(7677): Illuminate\Database\DatabaseManager->connection()
#7 C:\wamp\www\laravel\bootstrap\compiled.php(3267): Illuminate\Database\DatabaseManager->__call('select', Array)
#8 C:\wamp\www\laravel\bootstrap\compiled.php(3267): Illuminate\Database\DatabaseManager->select('select * from u...')
#9 C:\wamp\www\laravel\app\controllers\HomeController.php(22): Illuminate\Support\Facades\Facade::__callStatic('select', Array)
#10 C:\wamp\www\laravel\app\controllers\HomeController.php(22): Illuminate\Support\Facades\DB::select('select * from u...')
#11 [internal function]: HomeController->showWelcome()
#12 C:\wamp\www\laravel\vendor\laravel\framework\src\Illuminate\Routing\Controller.php(231): call_user_func_array(Array, Array)
#13 C:\wamp\www\laravel\bootstrap\compiled.php(5847): Illuminate\Routing\Controller->callAction('showWelcome', Array)
#14 C:\wamp\www\laravel\bootstrap\compiled.php(5835): Illuminate\Routing\ControllerDispatcher->call(Object(HomeController), Object(Illuminate\Routing\Route), 'showWelcome')
#15 C:\wamp\www\laravel\bootstrap\compiled.php(5040): Illuminate\Routing\ControllerDispatcher->dispatch(Object(Illuminate\Routing\Route), Object(Illuminate\Http\Request), 'HomeController', 'showWelcome')
#16 [internal function]: Illuminate\Routing\Router->Illuminate\Routing\{closure}()
#17 C:\wamp\www\laravel\bootstrap\compiled.php(5398): call_user_func_array(Object(Closure), Array)
#18 C:\wamp\www\laravel\bootstrap\compiled.php(5065): Illuminate\Routing\Route->run(Object(Illuminate\Http\Request))
#19 C:\wamp\www\laravel\bootstrap\compiled.php(5053): Illuminate\Routing\Router->dispatchToRoute(Object(Illuminate\Http\Request))
#20 C:\wamp\www\laravel\bootstrap\compiled.php(715): Illuminate\Routing\Router->dispatch(Object(Illuminate\Http\Request))
#21 C:\wamp\www\laravel\bootstrap\compiled.php(696): Illuminate\Foundation\Application->dispatch(Object(Illuminate\Http\Request))
#22 C:\wamp\www\laravel\bootstrap\compiled.php(7825): Illuminate\Foundation\Application->handle(Object(Illuminate\Http\Request), 1, true)
#23 C:\wamp\www\laravel\bootstrap\compiled.php(8432): Illuminate\Session\Middleware->handle(Object(Illuminate\Http\Request), 1, true)
#24 C:\wamp\www\laravel\bootstrap\compiled.php(8379): Illuminate\Cookie\Queue->handle(Object(Illuminate\Http\Request), 1, true)
#25 C:\wamp\www\laravel\bootstrap\compiled.php(11119): Illuminate\Cookie\Guard->handle(Object(Illuminate\Http\Request), 1, true)
#26 C:\wamp\www\laravel\bootstrap\compiled.php(657): Stack\StackedHttpKernel->handle(Object(Illuminate\Http\Request))
#27 C:\wamp\www\laravel\public\index.php(49): Illuminate\Foundation\Application->run()
#28 {main} [] []
